C:\Program Files (x86)\Microsoft Visual Studio\2017\Community\Common7\IDE\VC\VCTargets\Microsoft.CppBuild.targets(391,5): warning MSB8028: The intermediate directory (Debug\) contains files shared from another project (ConsoleApplication2.vcxproj, Timber.vcxproj).  This can lead to incorrect clean and rebuild behavior.
  ConsoleApplication2.cpp
c:\users\gabri\source\repos\sfml_zombie\consoleapplication2\player.h(8): warning C4067: unexpected tokens following preprocessor directive - expected a newline
c:\users\gabri\source\repos\sfml_zombie\consoleapplication2\zombiearena.h(3): warning C4067: unexpected tokens following preprocessor directive - expected a newline
c:\users\gabri\source\repos\sfml_zombie\consoleapplication2\zombiearena.h(4): warning C4067: unexpected tokens following preprocessor directive - expected a newline
c:\users\gabri\source\repos\sfml_zombie\consoleapplication2\consoleapplication2.cpp(20): warning C4244: '=': conversion from 'unsigned int' to 'float', possible loss of data
c:\users\gabri\source\repos\sfml_zombie\consoleapplication2\consoleapplication2.cpp(21): warning C4244: '=': conversion from 'unsigned int' to 'float', possible loss of data
c:\users\gabri\source\repos\sfml_zombie\consoleapplication2\consoleapplication2.cpp(25): warning C4244: 'argument': conversion from 'float' to 'unsigned int', possible loss of data
c:\users\gabri\source\repos\sfml_zombie\consoleapplication2\consoleapplication2.cpp(473): warning C4244: 'argument': conversion from 'int' to 'float', possible loss of data
  CreateHorde.cpp
c:\users\gabri\source\repos\sfml_zombie\consoleapplication2\createhorde.cpp(1): warning C4067: unexpected tokens following preprocessor directive - expected a newline
c:\users\gabri\source\repos\sfml_zombie\consoleapplication2\createhorde.cpp(2): warning C4067: unexpected tokens following preprocessor directive - expected a newline
c:\users\gabri\source\repos\sfml_zombie\consoleapplication2\zombiearena.h(3): warning C4067: unexpected tokens following preprocessor directive - expected a newline
c:\users\gabri\source\repos\sfml_zombie\consoleapplication2\zombiearena.h(4): warning C4067: unexpected tokens following preprocessor directive - expected a newline
c:\users\gabri\source\repos\sfml_zombie\consoleapplication2\createhorde.cpp(3): warning C4067: unexpected tokens following preprocessor directive - expected a newline
c:\users\gabri\source\repos\sfml_zombie\consoleapplication2\createhorde.cpp(25): warning C4244: '=': conversion from 'int' to 'float', possible loss of data
c:\users\gabri\source\repos\sfml_zombie\consoleapplication2\createhorde.cpp(26): warning C4244: '=': conversion from 'int' to 'float', possible loss of data
c:\users\gabri\source\repos\sfml_zombie\consoleapplication2\createhorde.cpp(31): warning C4244: '=': conversion from 'int' to 'float', possible loss of data
c:\users\gabri\source\repos\sfml_zombie\consoleapplication2\createhorde.cpp(32): warning C4244: '=': conversion from 'int' to 'float', possible loss of data
c:\users\gabri\source\repos\sfml_zombie\consoleapplication2\createhorde.cpp(37): warning C4244: '=': conversion from 'int' to 'float', possible loss of data
c:\users\gabri\source\repos\sfml_zombie\consoleapplication2\createhorde.cpp(38): warning C4244: '=': conversion from 'int' to 'float', possible loss of data
c:\users\gabri\source\repos\sfml_zombie\consoleapplication2\createhorde.cpp(43): warning C4244: '=': conversion from 'int' to 'float', possible loss of data
c:\users\gabri\source\repos\sfml_zombie\consoleapplication2\createhorde.cpp(44): warning C4244: '=': conversion from 'int' to 'float', possible loss of data
  Zombie.cpp
c:\users\gabri\source\repos\sfml_zombie\consoleapplication2\zombie.cpp(46): warning C4244: 'initializing': conversion from 'int' to 'float', possible loss of data
c:\users\gabri\source\repos\sfml_zombie\consoleapplication2\zombie.cpp(86): warning C4244: 'initializing': conversion from 'double' to 'float', possible loss of data
  createBackground.cpp
c:\users\gabri\source\repos\sfml_zombie\consoleapplication2\zombiearena.h(3): warning C4067: unexpected tokens following preprocessor directive - expected a newline
c:\users\gabri\source\repos\sfml_zombie\consoleapplication2\zombiearena.h(4): warning C4067: unexpected tokens following preprocessor directive - expected a newline
c:\users\gabri\source\repos\sfml_zombie\consoleapplication2\createbackground.cpp(31): warning C4244: 'argument': conversion from 'int' to 'float', possible loss of data
c:\users\gabri\source\repos\sfml_zombie\consoleapplication2\createbackground.cpp(32): warning C4244: 'argument': conversion from 'int' to 'float', possible loss of data
c:\users\gabri\source\repos\sfml_zombie\consoleapplication2\createbackground.cpp(33): warning C4244: 'argument': conversion from 'int' to 'float', possible loss of data
c:\users\gabri\source\repos\sfml_zombie\consoleapplication2\createbackground.cpp(34): warning C4244: 'argument': conversion from 'int' to 'float', possible loss of data
c:\users\gabri\source\repos\sfml_zombie\consoleapplication2\createbackground.cpp(53): warning C4244: 'argument': conversion from 'int' to 'float', possible loss of data
c:\users\gabri\source\repos\sfml_zombie\consoleapplication2\createbackground.cpp(54): warning C4244: 'argument': conversion from 'int' to 'float', possible loss of data
c:\users\gabri\source\repos\sfml_zombie\consoleapplication2\createbackground.cpp(55): warning C4244: 'argument': conversion from 'int' to 'float', possible loss of data
c:\users\gabri\source\repos\sfml_zombie\consoleapplication2\createbackground.cpp(56): warning C4244: 'argument': conversion from 'int' to 'float', possible loss of data
  Generating Code...
  ConsoleApplication2.vcxproj -> C:\Users\gabri\source\repos\sfml_zombie\Debug\ZombieArena.exe
